[ 2025-06-26 20:41:20,235 ] 59 root - INFO - Starting data ingestion process.
[ 2025-06-26 20:41:20,423 ] 43 root - INFO - Loan applications dataset loaded successfully.
[ 2025-06-26 20:41:20,604 ] 45 root - INFO - Transactions dataset loaded successfully.
[ 2025-06-26 20:41:21,182 ] 51 root - INFO - Data ingestion process completed successfully.
[ 2025-06-26 20:41:21,191 ] 63 root - INFO - Starting data transformation process.
[ 2025-06-26 20:41:21,191 ] 182 root - INFO - Starting data transformation process
[ 2025-06-26 20:41:21,191 ] 122 root - INFO - Loading datasets for transformation
[ 2025-06-26 20:41:21,592 ] 128 root - INFO - Merging datasets
[ 2025-06-26 20:41:21,721 ] 135 root - INFO - Datasets merged successfully
[ 2025-06-26 20:41:21,721 ] 29 root - INFO - Creating datetime features
[ 2025-06-26 20:41:21,749 ] 36 root - INFO - Datetime features created successfully
[ 2025-06-26 20:41:21,750 ] 44 root - INFO - Creating loan-related features
[ 2025-06-26 20:41:21,753 ] 49 root - INFO - Loan features created successfully
[ 2025-06-26 20:41:21,753 ] 57 root - INFO - Starting transaction feature aggregation
[ 2025-06-26 20:42:59,621 ] 89 root - INFO - Transaction feature aggregation completed successfully
[ 2025-06-26 20:42:59,676 ] 97 root - INFO - Starting fraud feature aggregation
[ 2025-06-26 20:43:34,495 ] 114 root - INFO - Fraud feature aggregation completed successfully
[ 2025-06-26 20:43:34,515 ] 202 root - INFO - Merging aggregated features
[ 2025-06-26 20:43:34,581 ] 213 root - INFO - Preparing features and target variable
[ 2025-06-26 20:43:34,613 ] 143 root - INFO - Creating data transformer object
[ 2025-06-26 20:43:34,625 ] 151 root - INFO - Removed 'residential_address' from categorical features
[ 2025-06-26 20:43:34,626 ] 153 root - INFO - Numerical features: ['loan_amount_requested', 'loan_tenure_months', 'interest_rate_offered', 'monthly_income', 'cibil_score', 'existing_emis_monthly', 'debt_to_income_ratio', 'applicant_age', 'number_of_dependents', 'loan_affordability_ratio', 'existing_emi_to_income_ratio', 'num_transactions_30d', 'total_transaction_amount_30d', 'average_transaction_amount_30d', 'unique_merchant_categories_30d', 'num_transactions_90d', 'total_transaction_amount_90d', 'average_transaction_amount_90d', 'unique_merchant_categories_90d', 'num_transactions_180d', 'total_transaction_amount_180d', 'average_transaction_amount_180d', 'unique_merchant_categories_180d', 'num_transactions_365d', 'total_transaction_amount_365d', 'average_transaction_amount_365d', 'unique_merchant_categories_365d', 'failed_transactions_count', 'international_transactions_count']
[ 2025-06-26 20:43:34,626 ] 154 root - INFO - Categorical features: ['loan_type', 'purpose_of_loan', 'employment_status', 'property_ownership_status', 'gender']
[ 2025-06-26 20:43:34,626 ] 163 root - INFO - Data transformer object created successfully
[ 2025-06-26 20:43:34,626 ] 227 root - INFO - Applying transformations
[ 2025-06-26 20:43:34,722 ] 234 root - INFO - Shape of transformed data: (50000, 53)
[ 2025-06-26 20:43:34,723 ] 235 root - INFO - Shape of target variable: (50000,)
[ 2025-06-26 20:43:34,723 ] 238 root - INFO - Saving preprocessing object
[ 2025-06-26 20:43:34,728 ] 254 root - INFO - Creating transformed dataset
[ 2025-06-26 20:43:34,729 ] 263 root - INFO - Final transformed data shape: (50000, 54)
[ 2025-06-26 20:43:36,543 ] 271 root - INFO - Data transformation completed successfully
