[ 2025-06-27 19:08:39,891 ] 60 root - INFO - Starting data ingestion process.
[ 2025-06-27 19:08:40,062 ] 44 root - INFO - Loan applications dataset loaded successfully.
[ 2025-06-27 19:08:40,250 ] 46 root - INFO - Transactions dataset loaded successfully.
[ 2025-06-27 19:08:40,837 ] 52 root - INFO - Data ingestion process completed successfully.
[ 2025-06-27 19:08:40,845 ] 64 root - INFO - Starting data transformation process.
[ 2025-06-27 19:08:40,845 ] 182 root - INFO - Starting data transformation process
[ 2025-06-27 19:08:40,846 ] 122 root - INFO - Loading datasets for transformation
[ 2025-06-27 19:08:41,272 ] 128 root - INFO - Merging datasets
[ 2025-06-27 19:08:41,408 ] 135 root - INFO - Datasets merged successfully
[ 2025-06-27 19:08:41,409 ] 29 root - INFO - Creating datetime features
[ 2025-06-27 19:08:41,435 ] 36 root - INFO - Datetime features created successfully
[ 2025-06-27 19:08:41,435 ] 44 root - INFO - Creating loan-related features
[ 2025-06-27 19:08:41,436 ] 49 root - INFO - Loan features created successfully
[ 2025-06-27 19:08:41,437 ] 57 root - INFO - Starting transaction feature aggregation
[ 2025-06-27 19:10:14,720 ] 89 root - INFO - Transaction feature aggregation completed successfully
[ 2025-06-27 19:10:14,776 ] 97 root - INFO - Starting fraud feature aggregation
[ 2025-06-27 19:10:48,355 ] 114 root - INFO - Fraud feature aggregation completed successfully
[ 2025-06-27 19:10:48,372 ] 202 root - INFO - Merging aggregated features
[ 2025-06-27 19:10:48,441 ] 213 root - INFO - Preparing features and target variable
[ 2025-06-27 19:10:48,465 ] 143 root - INFO - Creating data transformer object
[ 2025-06-27 19:10:48,476 ] 151 root - INFO - Removed 'residential_address' from categorical features
[ 2025-06-27 19:10:48,476 ] 153 root - INFO - Numerical features: ['loan_amount_requested', 'loan_tenure_months', 'interest_rate_offered', 'monthly_income', 'cibil_score', 'existing_emis_monthly', 'debt_to_income_ratio', 'applicant_age', 'number_of_dependents', 'loan_affordability_ratio', 'existing_emi_to_income_ratio', 'num_transactions_30d', 'total_transaction_amount_30d', 'average_transaction_amount_30d', 'unique_merchant_categories_30d', 'num_transactions_90d', 'total_transaction_amount_90d', 'average_transaction_amount_90d', 'unique_merchant_categories_90d', 'num_transactions_180d', 'total_transaction_amount_180d', 'average_transaction_amount_180d', 'unique_merchant_categories_180d', 'num_transactions_365d', 'total_transaction_amount_365d', 'average_transaction_amount_365d', 'unique_merchant_categories_365d', 'failed_transactions_count', 'international_transactions_count']
[ 2025-06-27 19:10:48,477 ] 154 root - INFO - Categorical features: ['loan_type', 'purpose_of_loan', 'employment_status', 'property_ownership_status', 'gender']
[ 2025-06-27 19:10:48,477 ] 163 root - INFO - Data transformer object created successfully
[ 2025-06-27 19:10:48,477 ] 227 root - INFO - Applying transformations
[ 2025-06-27 19:10:48,569 ] 234 root - INFO - Shape of transformed data: (50000, 53)
[ 2025-06-27 19:10:48,569 ] 235 root - INFO - Shape of target variable: (50000,)
[ 2025-06-27 19:10:48,569 ] 238 root - INFO - Saving preprocessing object
[ 2025-06-27 19:10:48,571 ] 247 root - INFO - Successfully retrieved feature names from preprocessor
[ 2025-06-27 19:10:48,571 ] 272 root - INFO - Number of feature names: 53
[ 2025-06-27 19:10:48,572 ] 273 root - INFO - First 10 feature names: ['num__loan_amount_requested' 'num__loan_tenure_months'
 'num__interest_rate_offered' 'num__monthly_income' 'num__cibil_score'
 'num__existing_emis_monthly' 'num__debt_to_income_ratio'
 'num__applicant_age' 'num__number_of_dependents'
 'num__loan_affordability_ratio']
[ 2025-06-27 19:10:48,572 ] 282 root - INFO - Creating transformed dataset
[ 2025-06-27 19:10:48,573 ] 291 root - INFO - Final transformed data shape: (50000, 54)
[ 2025-06-27 19:10:50,196 ] 299 root - INFO - Data transformation completed successfully
[ 2025-06-27 19:10:50,224 ] 70 root - INFO - Model training process initiated.
[ 2025-06-27 19:10:50,224 ] 157 root - INFO - Starting model training process
[ 2025-06-27 19:10:50,224 ] 97 root - INFO - Splitting data with test_size=0.2
[ 2025-06-27 19:10:50,260 ] 103 root - INFO - Train set shape: X_train=(40000, 53), y_train=(40000,)
[ 2025-06-27 19:10:50,261 ] 104 root - INFO - Test set shape: X_test=(10000, 53), y_test=(10000,)
[ 2025-06-27 19:10:50,261 ] 114 root - INFO - Applying SMOTE for class balancing
[ 2025-06-27 19:10:50,262 ] 118 root - INFO - Class distribution before SMOTE: {np.int64(0): np.int64(39179), np.int64(1): np.int64(821)}
[ 2025-06-27 19:10:58,427 ] 125 root - INFO - Class distribution after SMOTE: {np.int64(0): np.int64(39179), np.int64(1): np.int64(39179)}
[ 2025-06-27 19:10:58,428 ] 126 root - INFO - SMOTE applied successfully. New shape: (78358, 53)
[ 2025-06-27 19:10:58,428 ] 136 root - INFO - Saving train and test data
[ 2025-06-27 19:11:00,090 ] 149 root - INFO - Train and test data saved successfully
[ 2025-06-27 19:11:00,090 ] 34 root - INFO - Setting up model configurations
[ 2025-06-27 19:11:00,102 ] 88 root - INFO - Model configurations set up successfully
[ 2025-06-27 19:11:00,102 ] 214 root - ERROR - An error occurred during model training
[ 2025-06-27 19:11:00,103 ] 79 root - ERROR - Error occurred during execution: Error occurred in python script: [C:\Users\Zuhayr Adams\Projects\Fraud Detection\src\components\model_trainer.py] at line number: [172] error message: [evaluate_models() missing 1 required positional argument: 'params']
