[ 2025-06-27 19:13:28,046 ] 60 root - INFO - Starting data ingestion process.
[ 2025-06-27 19:13:28,220 ] 44 root - INFO - Loan applications dataset loaded successfully.
[ 2025-06-27 19:13:28,403 ] 46 root - INFO - Transactions dataset loaded successfully.
[ 2025-06-27 19:13:28,957 ] 52 root - INFO - Data ingestion process completed successfully.
[ 2025-06-27 19:13:28,966 ] 64 root - INFO - Starting data transformation process.
[ 2025-06-27 19:13:28,966 ] 182 root - INFO - Starting data transformation process
[ 2025-06-27 19:13:28,966 ] 122 root - INFO - Loading datasets for transformation
[ 2025-06-27 19:13:29,427 ] 128 root - INFO - Merging datasets
[ 2025-06-27 19:13:29,563 ] 135 root - INFO - Datasets merged successfully
[ 2025-06-27 19:13:29,564 ] 29 root - INFO - Creating datetime features
[ 2025-06-27 19:13:29,591 ] 36 root - INFO - Datetime features created successfully
[ 2025-06-27 19:13:29,592 ] 44 root - INFO - Creating loan-related features
[ 2025-06-27 19:13:29,594 ] 49 root - INFO - Loan features created successfully
[ 2025-06-27 19:13:29,594 ] 57 root - INFO - Starting transaction feature aggregation
[ 2025-06-27 19:16:01,270 ] 89 root - INFO - Transaction feature aggregation completed successfully
[ 2025-06-27 19:16:01,347 ] 97 root - INFO - Starting fraud feature aggregation
[ 2025-06-27 19:16:58,302 ] 114 root - INFO - Fraud feature aggregation completed successfully
[ 2025-06-27 19:16:58,327 ] 202 root - INFO - Merging aggregated features
[ 2025-06-27 19:16:58,414 ] 213 root - INFO - Preparing features and target variable
[ 2025-06-27 19:16:58,457 ] 143 root - INFO - Creating data transformer object
[ 2025-06-27 19:16:58,479 ] 151 root - INFO - Removed 'residential_address' from categorical features
[ 2025-06-27 19:16:58,480 ] 153 root - INFO - Numerical features: ['loan_amount_requested', 'loan_tenure_months', 'interest_rate_offered', 'monthly_income', 'cibil_score', 'existing_emis_monthly', 'debt_to_income_ratio', 'applicant_age', 'number_of_dependents', 'loan_affordability_ratio', 'existing_emi_to_income_ratio', 'num_transactions_30d', 'total_transaction_amount_30d', 'average_transaction_amount_30d', 'unique_merchant_categories_30d', 'num_transactions_90d', 'total_transaction_amount_90d', 'average_transaction_amount_90d', 'unique_merchant_categories_90d', 'num_transactions_180d', 'total_transaction_amount_180d', 'average_transaction_amount_180d', 'unique_merchant_categories_180d', 'num_transactions_365d', 'total_transaction_amount_365d', 'average_transaction_amount_365d', 'unique_merchant_categories_365d', 'failed_transactions_count', 'international_transactions_count']
[ 2025-06-27 19:16:58,480 ] 154 root - INFO - Categorical features: ['loan_type', 'purpose_of_loan', 'employment_status', 'property_ownership_status', 'gender']
[ 2025-06-27 19:16:58,481 ] 163 root - INFO - Data transformer object created successfully
[ 2025-06-27 19:16:58,481 ] 227 root - INFO - Applying transformations
[ 2025-06-27 19:16:58,685 ] 234 root - INFO - Shape of transformed data: (50000, 53)
[ 2025-06-27 19:16:58,686 ] 235 root - INFO - Shape of target variable: (50000,)
[ 2025-06-27 19:16:58,686 ] 238 root - INFO - Saving preprocessing object
[ 2025-06-27 19:16:58,692 ] 247 root - INFO - Successfully retrieved feature names from preprocessor
[ 2025-06-27 19:16:58,692 ] 272 root - INFO - Number of feature names: 53
[ 2025-06-27 19:16:58,693 ] 273 root - INFO - First 10 feature names: ['num__loan_amount_requested' 'num__loan_tenure_months'
 'num__interest_rate_offered' 'num__monthly_income' 'num__cibil_score'
 'num__existing_emis_monthly' 'num__debt_to_income_ratio'
 'num__applicant_age' 'num__number_of_dependents'
 'num__loan_affordability_ratio']
[ 2025-06-27 19:16:58,694 ] 282 root - INFO - Creating transformed dataset
[ 2025-06-27 19:16:58,696 ] 291 root - INFO - Final transformed data shape: (50000, 54)
[ 2025-06-27 19:17:01,833 ] 299 root - INFO - Data transformation completed successfully
[ 2025-06-27 19:17:01,878 ] 70 root - INFO - Model training process initiated.
[ 2025-06-27 19:17:01,878 ] 157 root - INFO - Starting model training process
[ 2025-06-27 19:17:01,879 ] 97 root - INFO - Splitting data with test_size=0.2
[ 2025-06-27 19:17:01,931 ] 103 root - INFO - Train set shape: X_train=(40000, 53), y_train=(40000,)
[ 2025-06-27 19:17:01,932 ] 104 root - INFO - Test set shape: X_test=(10000, 53), y_test=(10000,)
[ 2025-06-27 19:17:01,932 ] 114 root - INFO - Applying SMOTE for class balancing
[ 2025-06-27 19:17:01,934 ] 118 root - INFO - Class distribution before SMOTE: {np.int64(0): np.int64(39179), np.int64(1): np.int64(821)}
[ 2025-06-27 19:17:08,121 ] 125 root - INFO - Class distribution after SMOTE: {np.int64(0): np.int64(39179), np.int64(1): np.int64(39179)}
[ 2025-06-27 19:17:08,121 ] 126 root - INFO - SMOTE applied successfully. New shape: (78358, 53)
[ 2025-06-27 19:17:08,121 ] 136 root - INFO - Saving train and test data
[ 2025-06-27 19:17:11,072 ] 149 root - INFO - Train and test data saved successfully
[ 2025-06-27 19:17:11,072 ] 34 root - INFO - Setting up model configurations
[ 2025-06-27 19:17:11,084 ] 88 root - INFO - Model configurations set up successfully
[ 2025-06-27 19:17:11,084 ] 26 root - INFO - Evaluating model: Logistic Regression
[ 2025-06-27 19:22:07,650 ] 26 root - INFO - Evaluating model: LightGBM Classifier
[ 2025-06-27 19:22:52,403 ] 26 root - INFO - Evaluating model: Random Forest Classifier
[ 2025-06-27 19:25:46,465 ] 26 root - INFO - Evaluating model: Gradient Boosting Classifier
[ 2025-06-27 19:51:47,142 ] 26 root - INFO - Evaluating model: XGBoost Classifier
[ 2025-06-27 19:52:37,758 ] 26 root - INFO - Evaluating model: K-Nearest Neighbors
[ 2025-06-27 19:53:51,699 ] 26 root - INFO - Evaluating model: Decision Tree Classifier
[ 2025-06-27 19:54:00,965 ] 26 root - INFO - Evaluating model: CatBoost Classifier
[ 2025-06-27 19:56:44,090 ] 178 root - INFO - Best model: LightGBM Classifier with ROC-AUC: 0.8973
[ 2025-06-27 19:56:44,091 ] 190 root - INFO - Training best model LightGBM Classifier with hyperparameter tuning
[ 2025-06-27 19:57:41,890 ] 194 root - INFO - Best parameters: {'learning_rate': 0.2, 'max_depth': 7, 'n_estimators': 200}
[ 2025-06-27 19:57:41,935 ] 18 root - INFO - Object saved at artifacts\model.pkl
[ 2025-06-27 19:57:41,936 ] 205 root - INFO - Model training completed successfully
[ 2025-06-27 19:57:41,946 ] 76 root - INFO - Model training completed successfully. Model saved at artifacts\model.pkl
